Using pre-set license
Built from '2022.3/staging' branch; Version is '2022.3.7f1 (b16b3b16c7a0) revision 11627323'; Using compiler version '192829333'; Build Type 'Release'
OS: 'Windows 11  (10.0.22621) 64bit CoreSingleLanguage' Language: 'es' Physical Memory: 16221 MB
BatchMode: 1, IsHumanControllingUs: 0, StartBugReporterOnCrash: 0, Is64bit: 1, IsPro: 1

COMMAND LINE ARGUMENTS:
C:\Program Files\Unity\Hub\Editor\2022.3.7f1\Editor\Unity.exe
-adb2
-batchMode
-noUpm
-name
AssetImportWorker0
-projectPath
C:/Users/matia/OneDrive/Escritorio/Inacap/My project
-logFile
Logs/AssetImportWorker0.log
-srvPort
55377
Successfully changed project path to: C:/Users/matia/OneDrive/Escritorio/Inacap/My project
C:/Users/matia/OneDrive/Escritorio/Inacap/My project
[UnityMemory] Configuration Parameters - Can be set up in boot.config
    "memorysetup-bucket-allocator-granularity=16"
    "memorysetup-bucket-allocator-bucket-count=8"
    "memorysetup-bucket-allocator-block-size=33554432"
    "memorysetup-bucket-allocator-block-count=8"
    "memorysetup-main-allocator-block-size=16777216"
    "memorysetup-thread-allocator-block-size=16777216"
    "memorysetup-gfx-main-allocator-block-size=16777216"
    "memorysetup-gfx-thread-allocator-block-size=16777216"
    "memorysetup-cache-allocator-block-size=4194304"
    "memorysetup-typetree-allocator-block-size=2097152"
    "memorysetup-profiler-bucket-allocator-granularity=16"
    "memorysetup-profiler-bucket-allocator-bucket-count=8"
    "memorysetup-profiler-bucket-allocator-block-size=33554432"
    "memorysetup-profiler-bucket-allocator-block-count=8"
    "memorysetup-profiler-allocator-block-size=16777216"
    "memorysetup-profiler-editor-allocator-block-size=1048576"
    "memorysetup-temp-allocator-size-main=16777216"
    "memorysetup-job-temp-allocator-block-size=2097152"
    "memorysetup-job-temp-allocator-block-size-background=1048576"
    "memorysetup-job-temp-allocator-reduction-small-platforms=262144"
    "memorysetup-allocator-temp-initial-block-size-main=262144"
    "memorysetup-allocator-temp-initial-block-size-worker=262144"
    "memorysetup-temp-allocator-size-background-worker=32768"
    "memorysetup-temp-allocator-size-job-worker=262144"
    "memorysetup-temp-allocator-size-preload-manager=33554432"
    "memorysetup-temp-allocator-size-nav-mesh-worker=65536"
    "memorysetup-temp-allocator-size-audio-worker=65536"
    "memorysetup-temp-allocator-size-cloud-worker=32768"
    "memorysetup-temp-allocator-size-gi-baking-worker=262144"
    "memorysetup-temp-allocator-size-gfx=262144"
Player connection [22764] Host "[IP] 192.168.1.130 [Port] 0 [Flags] 2 [Guid] 3284296866 [EditorId] 3284296866 [Version] 1048832 [Id] WindowsEditor(7,LAPTOP-L8RH5T69) [Debug] 1 [PackageName] WindowsEditor [ProjectName] Editor" joined multi-casting on [225.0.0.222:54997]...

Player connection [22764] Host "[IP] 192.168.1.130 [Port] 0 [Flags] 2 [Guid] 3284296866 [EditorId] 3284296866 [Version] 1048832 [Id] WindowsEditor(7,LAPTOP-L8RH5T69) [Debug] 1 [PackageName] WindowsEditor [ProjectName] Editor" joined alternative multi-casting on [225.0.0.222:34997]...

Refreshing native plugins compatible for Editor in 7.44 ms, found 3 plugins.
Preloading 0 native plugins for Editor in 0.00 ms.
Initialize engine version: 2022.3.7f1 (b16b3b16c7a0)
[Subsystems] Discovering subsystems at path C:/Program Files/Unity/Hub/Editor/2022.3.7f1/Editor/Data/Resources/UnitySubsystems
[Subsystems] Discovering subsystems at path C:/Users/matia/OneDrive/Escritorio/Inacap/My project/Assets
GfxDevice: creating device client; threaded=0; jobified=0
Direct3D:
    Version:  Direct3D 11.0 [level 11.1]
    Renderer: NVIDIA GeForce GTX 1650 (ID=0x1f99)
    Vendor:   NVIDIA
    VRAM:     3950 MB
    Driver:   31.0.15.3179
Initialize mono
Mono path[0] = 'C:/Program Files/Unity/Hub/Editor/2022.3.7f1/Editor/Data/Managed'
Mono path[1] = 'C:/Program Files/Unity/Hub/Editor/2022.3.7f1/Editor/Data/MonoBleedingEdge/lib/mono/unityjit-win32'
Mono config path = 'C:/Program Files/Unity/Hub/Editor/2022.3.7f1/Editor/Data/MonoBleedingEdge/etc'
Using monoOptions --debugger-agent=transport=dt_socket,embedding=1,server=y,suspend=n,address=127.0.0.1:56936
Begin MonoManager ReloadAssembly
Registering precompiled unity dll's ...
Register platform support module: C:/Program Files/Unity/Hub/Editor/2022.3.7f1/Editor/Data/PlaybackEngines/WebGLSupport/UnityEditor.WebGL.Extensions.dll
Register platform support module: C:/Program Files/Unity/Hub/Editor/2022.3.7f1/Editor/Data/PlaybackEngines/WindowsStandaloneSupport/UnityEditor.WindowsStandalone.Extensions.dll
Registered in 0.010524 seconds.
- Loaded All Assemblies, in  0.465 seconds
Native extension for WindowsStandalone target not found
Native extension for WebGL target not found
Mono: successfully reloaded assembly
- Finished resetting the current domain, in  0.307 seconds
Domain Reload Profiling: 770ms
	BeginReloadAssembly (122ms)
		ExecutionOrderSort (0ms)
		DisableScriptedObjects (0ms)
		BackupInstance (0ms)
		ReleaseScriptingObjects (0ms)
		CreateAndSetChildDomain (1ms)
	RebuildCommonClasses (39ms)
	RebuildNativeTypeToScriptingClass (45ms)
	initialDomainReloadingComplete (79ms)
	LoadAllAssembliesAndSetupDomain (177ms)
		LoadAssemblies (120ms)
		RebuildTransferFunctionScriptingTraits (0ms)
		AnalyzeDomain (174ms)
			TypeCache.Refresh (172ms)
				TypeCache.ScanAssembly (154ms)
			ScanForSourceGeneratedMonoScriptInfo (0ms)
			ResolveRequiredComponents (0ms)
	FinalizeReload (308ms)
		ReleaseScriptCaches (0ms)
		RebuildScriptCaches (0ms)
		SetupLoadedEditorAssemblies (234ms)
			LogAssemblyErrors (0ms)
			InitializePlatformSupportModulesInManaged (13ms)
			SetLoadedEditorAssemblies (6ms)
			RefreshPlugins (0ms)
			BeforeProcessingInitializeOnLoad (2ms)
			ProcessInitializeOnLoadAttributes (162ms)
			ProcessInitializeOnLoadMethodAttributes (51ms)
			AfterProcessingInitializeOnLoad (0ms)
			EditorAssembliesLoaded (0ms)
		ExecutionOrderSort2 (0ms)
		AwakeInstancesAfterBackupRestoration (0ms)
========================================================================
Worker process is ready to serve import requests
Begin MonoManager ReloadAssembly
Symbol file LoadedFromMemory doesn't match image C:\Users\matia\OneDrive\Escritorio\Inacap\My project\Library\PackageCache\com.unity.visualscripting@1.8.0\Editor\VisualScripting.Core\Dependencies\YamlDotNet\Unity.VisualScripting.YamlDotNet.dll
Symbol file LoadedFromMemory doesn't match image C:\Users\matia\OneDrive\Escritorio\Inacap\My project\Library\PackageCache\com.unity.visualscripting@1.8.0\Editor\VisualScripting.Core\Dependencies\DotNetZip\Unity.VisualScripting.IonicZip.dll
- Loaded All Assemblies, in  0.751 seconds
Refreshing native plugins compatible for Editor in 3.91 ms, found 3 plugins.
Native extension for WindowsStandalone target not found
Native extension for WebGL target not found
Mono: successfully reloaded assembly
- Finished resetting the current domain, in  0.605 seconds
Domain Reload Profiling: 1354ms
	BeginReloadAssembly (169ms)
		ExecutionOrderSort (0ms)
		DisableScriptedObjects (5ms)
		BackupInstance (0ms)
		ReleaseScriptingObjects (0ms)
		CreateAndSetChildDomain (23ms)
	RebuildCommonClasses (36ms)
	RebuildNativeTypeToScriptingClass (13ms)
	initialDomainReloadingComplete (50ms)
	LoadAllAssembliesAndSetupDomain (480ms)
		LoadAssemblies (335ms)
		RebuildTransferFunctionScriptingTraits (0ms)
		AnalyzeDomain (236ms)
			TypeCache.Refresh (211ms)
				TypeCache.ScanAssembly (190ms)
			ScanForSourceGeneratedMonoScriptInfo (19ms)
			ResolveRequiredComponents (5ms)
	FinalizeReload (606ms)
		ReleaseScriptCaches (0ms)
		RebuildScriptCaches (0ms)
		SetupLoadedEditorAssemblies (434ms)
			LogAssemblyErrors (0ms)
			InitializePlatformSupportModulesInManaged (8ms)
			SetLoadedEditorAssemblies (5ms)
			RefreshPlugins (0ms)
			BeforeProcessingInitializeOnLoad (66ms)
			ProcessInitializeOnLoadAttributes (327ms)
			ProcessInitializeOnLoadMethodAttributes (21ms)
			AfterProcessingInitializeOnLoad (6ms)
			EditorAssembliesLoaded (0ms)
		ExecutionOrderSort2 (0ms)
		AwakeInstancesAfterBackupRestoration (6ms)
Launched and connected shader compiler UnityShaderCompiler.exe after 0.04 seconds
Refreshing native plugins compatible for Editor in 2.66 ms, found 3 plugins.
Preloading 0 native plugins for Editor in 0.00 ms.
Unloading 3067 Unused Serialized files (Serialized files now loaded: 0)
Unloading 31 unused Assets / (56.5 KB). Loaded Objects now: 3543.
Memory consumption went from 123.2 MB to 123.1 MB.
Total: 3.114100 ms (FindLiveObjects: 0.240000 ms CreateObjectMapping: 0.200100 ms MarkObjects: 2.585000 ms  DeleteObjects: 0.088200 ms)

AssetImportParameters requested are different than current active one (requested -> active):
  custom:container-demuxer-ogg: 62fdf1f143b41e24485cea50d1cbac27 -> 
  custom:video-codec-MediaFoundation-h265: 746d11721c4dcdbdad8f713fa42b33f4 -> 
  custom:video-decoder-ogg-theora: a1e56fd34408186e4bbccfd4996cb3dc -> 
  custom:framework-win-MediaFoundation: 216162199b28c13a410421893ffa2e32 -> 
  custom:CustomObjectIndexerAttribute: 756ad292c208cfabdd7b50bc23989ffe -> 
  custom:container-demuxer-webm: 4f35f7cbe854078d1ac9338744f61a02 -> 
  custom:container-muxer-webm: aa71ff27fc2769a1b78a27578f13a17b -> 
  custom:video-decoder-webm-vp8: 9c59270c3fd7afecdb556c50c9e8de78 -> 
  custom:SearchIndexIgnoredProperties: e643bd26f0fe6173181afceb89e7c659 -> 
  custom:AudioImporter_EditorPlatform: d09bf68614088b80899f8185d706f6e7 -> 
  custom:video-encoder-webm-vp8: eb34c28f22e8b96e1ab97ce403110664 -> 
  custom:audio-decoder-ogg-vorbis: bf7c407c2cedff20999df2af8eb42d56 -> 
  custom:audio-encoder-webm-vorbis: bf7c407c2cedff20999df2af8eb42d56 -> 
========================================================================
Received Import Request.
  Time since last request: 87683.985042 seconds.
  path: Assets/Dry_Trees/Model/Dry6524.FBX
  artifactKey: Guid(5736b0f1a73af4a4581db8226d31045c) Importer(815301076,1909f56bfc062723c751e8b465ee728b)
Start importing Assets/Dry_Trees/Model/Dry6524.FBX using Guid(5736b0f1a73af4a4581db8226d31045c) Importer(815301076,1909f56bfc062723c751e8b465ee728b)  -> (artifact id: '619c5e36853fb289e89791cad0a04eb5') in 0.185844 seconds
Number of updated asset objects reloaded before import = 0
Number of asset objects unloaded after import = 28
========================================================================
Received Import Request.
  Time since last request: 10.538663 seconds.
  path: Assets/Dry_Trees/Model/Dry8872.FBX
  artifactKey: Guid(9d9a2868cd321ba4a90fb64be4b73abd) Importer(815301076,1909f56bfc062723c751e8b465ee728b)
Start importing Assets/Dry_Trees/Model/Dry8872.FBX using Guid(9d9a2868cd321ba4a90fb64be4b73abd) Importer(815301076,1909f56bfc062723c751e8b465ee728b)  -> (artifact id: '24974a601be969cc028d22b3ab00b0eb') in 0.086359 seconds
Number of updated asset objects reloaded before import = 0
Number of asset objects unloaded after import = 28
========================================================================
Received Import Request.
  Time since last request: 44.835420 seconds.
  path: Assets/Materials/a horrifying dream.mat
  artifactKey: Guid(8232273f76b53634a8fb1c719bbc7aa0) Importer(815301076,1909f56bfc062723c751e8b465ee728b)
Start importing Assets/Materials/a horrifying dream.mat using Guid(8232273f76b53634a8fb1c719bbc7aa0) Importer(815301076,1909f56bfc062723c751e8b465ee728b)  -> (artifact id: 'add4aa3d902872d47c46ddb3c5b9f850') in 0.049371 seconds
Number of updated asset objects reloaded before import = 0
Number of asset objects unloaded after import = 2
========================================================================
Received Import Request.
  Time since last request: 0.000023 seconds.
  path: Assets/Muro.mat
  artifactKey: Guid(a09902afce935124da850cc842ab3c97) Importer(815301076,1909f56bfc062723c751e8b465ee728b)
Start importing Assets/Muro.mat using Guid(a09902afce935124da850cc842ab3c97) Importer(815301076,1909f56bfc062723c751e8b465ee728b)  -> (artifact id: 'f5703ccc12b7f5776c4e955ae4897aa0') in 0.020168 seconds
Number of updated asset objects reloaded before import = 0
Number of asset objects unloaded after import = 2
========================================================================
Received Import Request.
  Time since last request: 0.000022 seconds.
  path: Assets/muro2.mat
  artifactKey: Guid(13b0d2ba06a07d049a70b3ccd05b0c95) Importer(815301076,1909f56bfc062723c751e8b465ee728b)
Start importing Assets/muro2.mat using Guid(13b0d2ba06a07d049a70b3ccd05b0c95) Importer(815301076,1909f56bfc062723c751e8b465ee728b)  -> (artifact id: 'a04d49f0efad403a8521317c2a4317b0') in 0.024060 seconds
Number of updated asset objects reloaded before import = 0
Number of asset objects unloaded after import = 2
========================================================================
Received Import Request.
  Time since last request: 0.000020 seconds.
  path: Assets/techo.mat
  artifactKey: Guid(a1e47d96dcbad3f4fb135b11737eedce) Importer(815301076,1909f56bfc062723c751e8b465ee728b)
Start importing Assets/techo.mat using Guid(a1e47d96dcbad3f4fb135b11737eedce) Importer(815301076,1909f56bfc062723c751e8b465ee728b)  -> (artifact id: '3d1dd5a871eb295b9442a3e67aa3d834') in 0.022274 seconds
Number of updated asset objects reloaded before import = 0
Number of asset objects unloaded after import = 2
========================================================================
Received Import Request.
  Time since last request: 11.162632 seconds.
  path: Assets/Dry_Trees/Materials/Bark_Mask.tif
  artifactKey: Guid(12765aea04b82184eb770ea1d79ba77f) Importer(815301076,1909f56bfc062723c751e8b465ee728b)
Start importing Assets/Dry_Trees/Materials/Bark_Mask.tif using Guid(12765aea04b82184eb770ea1d79ba77f) Importer(815301076,1909f56bfc062723c751e8b465ee728b)  -> (artifact id: 'd2a57244aa625b7818c7ab80c5d05618') in 0.050523 seconds
Number of updated asset objects reloaded before import = 0
Number of asset objects unloaded after import = 2
========================================================================
Received Import Request.
  Time since last request: 528.893544 seconds.
  path: Assets/Dry_Trees/Model/Dry3333.FBX
  artifactKey: Guid(f12b0b72f2d21d64db13e1bfa8f3ec4f) Importer(815301076,1909f56bfc062723c751e8b465ee728b)
Start importing Assets/Dry_Trees/Model/Dry3333.FBX using Guid(f12b0b72f2d21d64db13e1bfa8f3ec4f) Importer(815301076,1909f56bfc062723c751e8b465ee728b)  -> (artifact id: 'eea524f2a58dd5a2aeb0ed71cb300872') in 0.100666 seconds
Number of updated asset objects reloaded before import = 0
Number of asset objects unloaded after import = 28
========================================================================
Received Import Request.
  Time since last request: 0.000027 seconds.
  path: Assets/Dry_Trees/Prefab/Dry4195.prefab
  artifactKey: Guid(f2e54234007ec4543b62fd7788bcd725) Importer(815301076,1909f56bfc062723c751e8b465ee728b)
Start importing Assets/Dry_Trees/Prefab/Dry4195.prefab using Guid(f2e54234007ec4543b62fd7788bcd725) Importer(815301076,1909f56bfc062723c751e8b465ee728b)  -> (artifact id: '8b3be5a845b12cbc850fa7f354754262') in 0.026623 seconds
Number of updated asset objects reloaded before import = 0
Number of asset objects unloaded after import = 30
========================================================================
Received Import Request.
  Time since last request: 0.000026 seconds.
  path: Assets/Dry_Trees/Prefab/Dry5818.prefab
  artifactKey: Guid(8ea6769c115c9f841a7df2e330403985) Importer(815301076,1909f56bfc062723c751e8b465ee728b)
Start importing Assets/Dry_Trees/Prefab/Dry5818.prefab using Guid(8ea6769c115c9f841a7df2e330403985) Importer(815301076,1909f56bfc062723c751e8b465ee728b)  -> (artifact id: '16d4adb383efab69ac78b483105b988d') in 0.024261 seconds
Number of updated asset objects reloaded before import = 0
Number of asset objects unloaded after import = 30
========================================================================
Received Import Request.
  Time since last request: 0.000018 seconds.
  path: Assets/Dry_Trees/Model/Dry5818.FBX
  artifactKey: Guid(93f27f566ebdec1439fda34a79463ade) Importer(815301076,1909f56bfc062723c751e8b465ee728b)
Start importing Assets/Dry_Trees/Model/Dry5818.FBX using Guid(93f27f566ebdec1439fda34a79463ade) Importer(815301076,1909f56bfc062723c751e8b465ee728b)  -> (artifact id: '6ce4630a1854aa48a3e673912a4ffa57') in 0.070847 seconds
Number of updated asset objects reloaded before import = 0
Number of asset objects unloaded after import = 28
========================================================================
Received Import Request.
  Time since last request: 1.677126 seconds.
  path: Assets/Dry_Trees/Prefab/Dry6524.prefab
  artifactKey: Guid(6905bfb07dfcac5489e6daf8e7babe92) Importer(815301076,1909f56bfc062723c751e8b465ee728b)
Start importing Assets/Dry_Trees/Prefab/Dry6524.prefab using Guid(6905bfb07dfcac5489e6daf8e7babe92) Importer(815301076,1909f56bfc062723c751e8b465ee728b)  -> (artifact id: '4300c40a6156e67f1a76f8e3ce3250ea') in 0.018748 seconds
Number of updated asset objects reloaded before import = 0
Number of asset objects unloaded after import = 30
========================================================================
Received Import Request.
  Time since last request: 0.021494 seconds.
  path: Assets/Dry_Trees/Model/Dry7509.FBX
  artifactKey: Guid(2a4339fd08e4a774f907817c85495b3b) Importer(815301076,1909f56bfc062723c751e8b465ee728b)
Start importing Assets/Dry_Trees/Model/Dry7509.FBX using Guid(2a4339fd08e4a774f907817c85495b3b) Importer(815301076,1909f56bfc062723c751e8b465ee728b)  -> (artifact id: '9a289b1ed977f8c71e2bb6faa033a444') in 0.053617 seconds
Number of updated asset objects reloaded before import = 0
Number of asset objects unloaded after import = 28
