Using pre-set license
Built from '2022.3/staging' branch; Version is '2022.3.7f1 (b16b3b16c7a0) revision 11627323'; Using compiler version '192829333'; Build Type 'Release'
OS: 'Windows 11  (10.0.22621) 64bit CoreSingleLanguage' Language: 'es' Physical Memory: 16221 MB
BatchMode: 1, IsHumanControllingUs: 0, StartBugReporterOnCrash: 0, Is64bit: 1, IsPro: 1

COMMAND LINE ARGUMENTS:
C:\Program Files\Unity\Hub\Editor\2022.3.7f1\Editor\Unity.exe
-adb2
-batchMode
-noUpm
-name
AssetImportWorker1
-projectPath
C:/Users/matia/OneDrive/Escritorio/Inacap/My project
-logFile
Logs/AssetImportWorker1.log
-srvPort
55377
Successfully changed project path to: C:/Users/matia/OneDrive/Escritorio/Inacap/My project
C:/Users/matia/OneDrive/Escritorio/Inacap/My project
[UnityMemory] Configuration Parameters - Can be set up in boot.config
    "memorysetup-bucket-allocator-granularity=16"
    "memorysetup-bucket-allocator-bucket-count=8"
    "memorysetup-bucket-allocator-block-size=33554432"
    "memorysetup-bucket-allocator-block-count=8"
    "memorysetup-main-allocator-block-size=16777216"
    "memorysetup-thread-allocator-block-size=16777216"
    "memorysetup-gfx-main-allocator-block-size=16777216"
    "memorysetup-gfx-thread-allocator-block-size=16777216"
    "memorysetup-cache-allocator-block-size=4194304"
    "memorysetup-typetree-allocator-block-size=2097152"
    "memorysetup-profiler-bucket-allocator-granularity=16"
    "memorysetup-profiler-bucket-allocator-bucket-count=8"
    "memorysetup-profiler-bucket-allocator-block-size=33554432"
    "memorysetup-profiler-bucket-allocator-block-count=8"
    "memorysetup-profiler-allocator-block-size=16777216"
    "memorysetup-profiler-editor-allocator-block-size=1048576"
    "memorysetup-temp-allocator-size-main=16777216"
    "memorysetup-job-temp-allocator-block-size=2097152"
    "memorysetup-job-temp-allocator-block-size-background=1048576"
    "memorysetup-job-temp-allocator-reduction-small-platforms=262144"
    "memorysetup-allocator-temp-initial-block-size-main=262144"
    "memorysetup-allocator-temp-initial-block-size-worker=262144"
    "memorysetup-temp-allocator-size-background-worker=32768"
    "memorysetup-temp-allocator-size-job-worker=262144"
    "memorysetup-temp-allocator-size-preload-manager=33554432"
    "memorysetup-temp-allocator-size-nav-mesh-worker=65536"
    "memorysetup-temp-allocator-size-audio-worker=65536"
    "memorysetup-temp-allocator-size-cloud-worker=32768"
    "memorysetup-temp-allocator-size-gi-baking-worker=262144"
    "memorysetup-temp-allocator-size-gfx=262144"
Player connection [22620] Host "[IP] 192.168.1.130 [Port] 0 [Flags] 2 [Guid] 61725044 [EditorId] 61725044 [Version] 1048832 [Id] WindowsEditor(7,LAPTOP-L8RH5T69) [Debug] 1 [PackageName] WindowsEditor [ProjectName] Editor" joined multi-casting on [225.0.0.222:54997]...

Player connection [22620] Host "[IP] 192.168.1.130 [Port] 0 [Flags] 2 [Guid] 61725044 [EditorId] 61725044 [Version] 1048832 [Id] WindowsEditor(7,LAPTOP-L8RH5T69) [Debug] 1 [PackageName] WindowsEditor [ProjectName] Editor" joined alternative multi-casting on [225.0.0.222:34997]...

Refreshing native plugins compatible for Editor in 7.35 ms, found 3 plugins.
Preloading 0 native plugins for Editor in 0.00 ms.
Initialize engine version: 2022.3.7f1 (b16b3b16c7a0)
[Subsystems] Discovering subsystems at path C:/Program Files/Unity/Hub/Editor/2022.3.7f1/Editor/Data/Resources/UnitySubsystems
[Subsystems] Discovering subsystems at path C:/Users/matia/OneDrive/Escritorio/Inacap/My project/Assets
GfxDevice: creating device client; threaded=0; jobified=0
Direct3D:
    Version:  Direct3D 11.0 [level 11.1]
    Renderer: NVIDIA GeForce GTX 1650 (ID=0x1f99)
    Vendor:   NVIDIA
    VRAM:     3950 MB
    Driver:   31.0.15.3179
Initialize mono
Mono path[0] = 'C:/Program Files/Unity/Hub/Editor/2022.3.7f1/Editor/Data/Managed'
Mono path[1] = 'C:/Program Files/Unity/Hub/Editor/2022.3.7f1/Editor/Data/MonoBleedingEdge/lib/mono/unityjit-win32'
Mono config path = 'C:/Program Files/Unity/Hub/Editor/2022.3.7f1/Editor/Data/MonoBleedingEdge/etc'
Using monoOptions --debugger-agent=transport=dt_socket,embedding=1,server=y,suspend=n,address=127.0.0.1:56632
Begin MonoManager ReloadAssembly
Registering precompiled unity dll's ...
Register platform support module: C:/Program Files/Unity/Hub/Editor/2022.3.7f1/Editor/Data/PlaybackEngines/WebGLSupport/UnityEditor.WebGL.Extensions.dll
Register platform support module: C:/Program Files/Unity/Hub/Editor/2022.3.7f1/Editor/Data/PlaybackEngines/WindowsStandaloneSupport/UnityEditor.WindowsStandalone.Extensions.dll
Registered in 0.010236 seconds.
- Loaded All Assemblies, in  0.466 seconds
Native extension for WindowsStandalone target not found
Native extension for WebGL target not found
Mono: successfully reloaded assembly
- Finished resetting the current domain, in  0.307 seconds
Domain Reload Profiling: 771ms
	BeginReloadAssembly (123ms)
		ExecutionOrderSort (0ms)
		DisableScriptedObjects (0ms)
		BackupInstance (0ms)
		ReleaseScriptingObjects (0ms)
		CreateAndSetChildDomain (1ms)
	RebuildCommonClasses (41ms)
	RebuildNativeTypeToScriptingClass (47ms)
	initialDomainReloadingComplete (77ms)
	LoadAllAssembliesAndSetupDomain (176ms)
		LoadAssemblies (121ms)
		RebuildTransferFunctionScriptingTraits (0ms)
		AnalyzeDomain (174ms)
			TypeCache.Refresh (172ms)
				TypeCache.ScanAssembly (155ms)
			ScanForSourceGeneratedMonoScriptInfo (0ms)
			ResolveRequiredComponents (0ms)
	FinalizeReload (308ms)
		ReleaseScriptCaches (0ms)
		RebuildScriptCaches (0ms)
		SetupLoadedEditorAssemblies (235ms)
			LogAssemblyErrors (0ms)
			InitializePlatformSupportModulesInManaged (13ms)
			SetLoadedEditorAssemblies (6ms)
			RefreshPlugins (0ms)
			BeforeProcessingInitializeOnLoad (3ms)
			ProcessInitializeOnLoadAttributes (160ms)
			ProcessInitializeOnLoadMethodAttributes (53ms)
			AfterProcessingInitializeOnLoad (0ms)
			EditorAssembliesLoaded (0ms)
		ExecutionOrderSort2 (0ms)
		AwakeInstancesAfterBackupRestoration (0ms)
========================================================================
Worker process is ready to serve import requests
Begin MonoManager ReloadAssembly
Symbol file LoadedFromMemory doesn't match image C:\Users\matia\OneDrive\Escritorio\Inacap\My project\Library\PackageCache\com.unity.visualscripting@1.8.0\Editor\VisualScripting.Core\Dependencies\YamlDotNet\Unity.VisualScripting.YamlDotNet.dll
Symbol file LoadedFromMemory doesn't match image C:\Users\matia\OneDrive\Escritorio\Inacap\My project\Library\PackageCache\com.unity.visualscripting@1.8.0\Editor\VisualScripting.Core\Dependencies\DotNetZip\Unity.VisualScripting.IonicZip.dll
- Loaded All Assemblies, in  0.735 seconds
Refreshing native plugins compatible for Editor in 3.35 ms, found 3 plugins.
Native extension for WindowsStandalone target not found
Native extension for WebGL target not found
Mono: successfully reloaded assembly
- Finished resetting the current domain, in  0.600 seconds
Domain Reload Profiling: 1332ms
	BeginReloadAssembly (164ms)
		ExecutionOrderSort (0ms)
		DisableScriptedObjects (6ms)
		BackupInstance (0ms)
		ReleaseScriptingObjects (0ms)
		CreateAndSetChildDomain (21ms)
	RebuildCommonClasses (36ms)
	RebuildNativeTypeToScriptingClass (13ms)
	initialDomainReloadingComplete (49ms)
	LoadAllAssembliesAndSetupDomain (469ms)
		LoadAssemblies (336ms)
		RebuildTransferFunctionScriptingTraits (0ms)
		AnalyzeDomain (229ms)
			TypeCache.Refresh (205ms)
				TypeCache.ScanAssembly (185ms)
			ScanForSourceGeneratedMonoScriptInfo (17ms)
			ResolveRequiredComponents (5ms)
	FinalizeReload (600ms)
		ReleaseScriptCaches (0ms)
		RebuildScriptCaches (0ms)
		SetupLoadedEditorAssemblies (431ms)
			LogAssemblyErrors (0ms)
			InitializePlatformSupportModulesInManaged (6ms)
			SetLoadedEditorAssemblies (5ms)
			RefreshPlugins (0ms)
			BeforeProcessingInitializeOnLoad (66ms)
			ProcessInitializeOnLoadAttributes (326ms)
			ProcessInitializeOnLoadMethodAttributes (20ms)
			AfterProcessingInitializeOnLoad (7ms)
			EditorAssembliesLoaded (0ms)
		ExecutionOrderSort2 (0ms)
		AwakeInstancesAfterBackupRestoration (7ms)
Launched and connected shader compiler UnityShaderCompiler.exe after 0.04 seconds
Refreshing native plugins compatible for Editor in 2.59 ms, found 3 plugins.
Preloading 0 native plugins for Editor in 0.00 ms.
Unloading 3067 Unused Serialized files (Serialized files now loaded: 0)
Unloading 31 unused Assets / (56.4 KB). Loaded Objects now: 3543.
Memory consumption went from 123.2 MB to 123.1 MB.
Total: 3.901700 ms (FindLiveObjects: 0.248600 ms CreateObjectMapping: 0.225200 ms MarkObjects: 3.333100 ms  DeleteObjects: 0.093800 ms)

AssetImportParameters requested are different than current active one (requested -> active):
  custom:container-demuxer-ogg: 62fdf1f143b41e24485cea50d1cbac27 -> 
  custom:video-codec-MediaFoundation-h265: 746d11721c4dcdbdad8f713fa42b33f4 -> 
  custom:video-decoder-ogg-theora: a1e56fd34408186e4bbccfd4996cb3dc -> 
  custom:framework-win-MediaFoundation: 216162199b28c13a410421893ffa2e32 -> 
  custom:CustomObjectIndexerAttribute: 756ad292c208cfabdd7b50bc23989ffe -> 
  custom:container-demuxer-webm: 4f35f7cbe854078d1ac9338744f61a02 -> 
  custom:container-muxer-webm: aa71ff27fc2769a1b78a27578f13a17b -> 
  custom:video-decoder-webm-vp8: 9c59270c3fd7afecdb556c50c9e8de78 -> 
  custom:SearchIndexIgnoredProperties: e643bd26f0fe6173181afceb89e7c659 -> 
  custom:AudioImporter_EditorPlatform: d09bf68614088b80899f8185d706f6e7 -> 
  custom:video-encoder-webm-vp8: eb34c28f22e8b96e1ab97ce403110664 -> 
  custom:audio-decoder-ogg-vorbis: bf7c407c2cedff20999df2af8eb42d56 -> 
  custom:audio-encoder-webm-vorbis: bf7c407c2cedff20999df2af8eb42d56 -> 
========================================================================
Received Import Request.
  Time since last request: 87677.370114 seconds.
  path: Assets/Dry_Trees/Materials
  artifactKey: Guid(b3256f7f13045594fa3b2c6d634e85ce) Importer(815301076,1909f56bfc062723c751e8b465ee728b)
Start importing Assets/Dry_Trees/Materials using Guid(b3256f7f13045594fa3b2c6d634e85ce) Importer(815301076,1909f56bfc062723c751e8b465ee728b)  -> (artifact id: '062fea08727e72c33a593e025aec9d53') in 0.002301 seconds
Number of updated asset objects reloaded before import = 0
Number of asset objects unloaded after import = 0
========================================================================
Received Import Request.
  Time since last request: 0.000022 seconds.
  path: Assets/Dry_Trees/Materials/Bark.tif
  artifactKey: Guid(2669273f6d3e04e4bbb65d6af4e11282) Importer(815301076,1909f56bfc062723c751e8b465ee728b)
Start importing Assets/Dry_Trees/Materials/Bark.tif using Guid(2669273f6d3e04e4bbb65d6af4e11282) Importer(815301076,1909f56bfc062723c751e8b465ee728b)  -> (artifact id: '26b67cd07f1d0d1b514a4f23380cddb1') in 0.063955 seconds
Number of updated asset objects reloaded before import = 0
Number of asset objects unloaded after import = 2
========================================================================
Received Import Request.
  Time since last request: 62.201140 seconds.
  path: Assets/Dry_Trees/Materials/Bark.mat
  artifactKey: Guid(14f732f9f0a9e3d408764155dadf8518) Importer(815301076,1909f56bfc062723c751e8b465ee728b)
Start importing Assets/Dry_Trees/Materials/Bark.mat using Guid(14f732f9f0a9e3d408764155dadf8518) Importer(815301076,1909f56bfc062723c751e8b465ee728b)  -> (artifact id: '7ab65f1f3d9b3ba5255b2220810cbea0') in 0.092001 seconds
Number of updated asset objects reloaded before import = 0
Number of asset objects unloaded after import = 4
========================================================================
Received Import Request.
  Time since last request: 0.000050 seconds.
  path: Assets/Pasto.mat
  artifactKey: Guid(25c0e6af9848a414b900063b5b8f2911) Importer(815301076,1909f56bfc062723c751e8b465ee728b)
Start importing Assets/Pasto.mat using Guid(25c0e6af9848a414b900063b5b8f2911) Importer(815301076,1909f56bfc062723c751e8b465ee728b)  -> (artifact id: 'b623ca9f4ded92d26e7a5b9f2a7d99a6') in 0.036056 seconds
Number of updated asset objects reloaded before import = 0
Number of asset objects unloaded after import = 2
========================================================================
Received Import Request.
  Time since last request: 540.095040 seconds.
  path: Assets/Dry_Trees/Prefab/Dry3333.prefab
  artifactKey: Guid(9046dd8040214c0458728201d824c41f) Importer(815301076,1909f56bfc062723c751e8b465ee728b)
Start importing Assets/Dry_Trees/Prefab/Dry3333.prefab using Guid(9046dd8040214c0458728201d824c41f) Importer(815301076,1909f56bfc062723c751e8b465ee728b)  -> (artifact id: 'e87082e218066907fa2d1c3d4ab6bf32') in 0.052647 seconds
Number of updated asset objects reloaded before import = 0
Number of asset objects unloaded after import = 30
========================================================================
Received Import Request.
  Time since last request: 0.000069 seconds.
  path: Assets/Dry_Trees/Prefab/Dry4910.prefab
  artifactKey: Guid(5fbfb820b09a96f47a16dc79c8539ec7) Importer(815301076,1909f56bfc062723c751e8b465ee728b)
Start importing Assets/Dry_Trees/Prefab/Dry4910.prefab using Guid(5fbfb820b09a96f47a16dc79c8539ec7) Importer(815301076,1909f56bfc062723c751e8b465ee728b)  -> (artifact id: 'f94aeb71a3143e78f2ef7638e26579bd') in 0.025073 seconds
Number of updated asset objects reloaded before import = 0
Number of asset objects unloaded after import = 30
========================================================================
Received Import Request.
  Time since last request: 0.000034 seconds.
  path: Assets/Dry_Trees/Model/Dry4910.FBX
  artifactKey: Guid(392ccefdc43e68245b2b50fd1e5cd507) Importer(815301076,1909f56bfc062723c751e8b465ee728b)
Start importing Assets/Dry_Trees/Model/Dry4910.FBX using Guid(392ccefdc43e68245b2b50fd1e5cd507) Importer(815301076,1909f56bfc062723c751e8b465ee728b)  -> (artifact id: 'e67541c92141a5f31f33ee7be36536dd') in 0.096462 seconds
Number of updated asset objects reloaded before import = 0
Number of asset objects unloaded after import = 28
========================================================================
Received Import Request.
  Time since last request: 0.000072 seconds.
  path: Assets/Dry_Trees/Model/Dry4195.FBX
  artifactKey: Guid(750f8f30b2708f64f86e0a9176d9d7dc) Importer(815301076,1909f56bfc062723c751e8b465ee728b)
Start importing Assets/Dry_Trees/Model/Dry4195.FBX using Guid(750f8f30b2708f64f86e0a9176d9d7dc) Importer(815301076,1909f56bfc062723c751e8b465ee728b)  -> (artifact id: '629a03c91a7c2f533dbec151df86b5ce') in 0.066743 seconds
Number of updated asset objects reloaded before import = 0
Number of asset objects unloaded after import = 28
========================================================================
Received Import Request.
  Time since last request: 1.696148 seconds.
  path: Assets/Dry_Trees/Prefab/Dry7509.prefab
  artifactKey: Guid(0603828da9221ca4a9a54954ff8842ff) Importer(815301076,1909f56bfc062723c751e8b465ee728b)
Start importing Assets/Dry_Trees/Prefab/Dry7509.prefab using Guid(0603828da9221ca4a9a54954ff8842ff) Importer(815301076,1909f56bfc062723c751e8b465ee728b)  -> (artifact id: '10e0de72110afc78e009ce29c40c6231') in 0.019843 seconds
Number of updated asset objects reloaded before import = 0
Number of asset objects unloaded after import = 30
========================================================================
Received Import Request.
  Time since last request: 0.023858 seconds.
  path: Assets/Dry_Trees/Prefab/Dry8872.prefab
  artifactKey: Guid(10d8dedacc7c7804ea3893a4d74faea1) Importer(815301076,1909f56bfc062723c751e8b465ee728b)
Start importing Assets/Dry_Trees/Prefab/Dry8872.prefab using Guid(10d8dedacc7c7804ea3893a4d74faea1) Importer(815301076,1909f56bfc062723c751e8b465ee728b)  -> (artifact id: '8f397eae8caf79ee455e45a3173354d5') in 0.024180 seconds
Number of updated asset objects reloaded before import = 0
Number of asset objects unloaded after import = 30
